<?xml version="1.0" encoding="UTF-8"?>
<!-- Generated by org.testng.reporters.JUnitXMLReporter -->
<testsuite hostname="PET-11493-WL" ignored="0" name="Default test" tests="9" failures="0" timestamp="08 Jul 2019 01:25:04 GMT" time="0.064" errors="0">
  <testcase name="runMyTest" time="0.009" classname="com.scuti.testingdemo.LoginTest"/>
  <testcase name="runMyTest" time="0.001" classname="com.scuti.testingdemo.LoginTest"/>
  <testcase name="runMyTest" time="0.001" classname="com.scuti.testingdemo.LoginTest"/>
  <testcase name="runMyTest" time="0.001" classname="com.scuti.testingdemo.LoginTest"/>
  <testcase name="runMyTest" time="0.001" classname="com.scuti.testingdemo.LoginTest"/>
  <testcase name="runMyTest" time="0.001" classname="com.scuti.testingdemo.LoginTest"/>
  <testcase name="runMyTest" time="0.002" classname="com.scuti.testingdemo.LoginTest"/>
  <testcase name="runMyTest" time="0.001" classname="com.scuti.testingdemo.LoginTest"/>
  <testcase name="runMyTest" time="0.001" classname="com.scuti.testingdemo.LoginTest"/>
</testsuite> <!-- Default test -->
