<?xml version="1.0" encoding="UTF-8"?>
<testng-results skipped="0" failed="0" ignored="0" total="9" passed="9">
  <reporter-output>
  </reporter-output>
  <suite name="Default suite" duration-ms="64" started-at="2019-07-08T01:25:04Z" finished-at="2019-07-08T01:25:04Z">
    <groups>
    </groups>
    <test name="Default test" duration-ms="64" started-at="2019-07-08T01:25:04Z" finished-at="2019-07-08T01:25:04Z">
      <class name="com.scuti.testingdemo.LoginTest">
        <test-method status="PASS" signature="runMyTest(java.lang.String, java.lang.String)[pri:0, instance:com.scuti.testingdemo.LoginTest@d8355a8]" name="runMyTest" duration-ms="9" started-at="2019-07-08T01:25:04Z" data-provider="getData" finished-at="2019-07-08T01:25:04Z">
          <params>
            <param index="0">
              <value>
                <![CDATA[username1]]>
              </value>
            </param>
            <param index="1">
              <value>
                <![CDATA[password1]]>
              </value>
            </param>
          </params>
          <reporter-output>
          </reporter-output>
        </test-method> <!-- runMyTest -->
        <test-method status="PASS" signature="runMyTest(java.lang.String, java.lang.String)[pri:0, instance:com.scuti.testingdemo.LoginTest@d8355a8]" name="runMyTest" duration-ms="1" started-at="2019-07-08T01:25:04Z" data-provider="getData" finished-at="2019-07-08T01:25:04Z">
          <params>
            <param index="0">
              <value>
                <![CDATA[username2]]>
              </value>
            </param>
            <param index="1">
              <value>
                <![CDATA[password2]]>
              </value>
            </param>
          </params>
          <reporter-output>
          </reporter-output>
        </test-method> <!-- runMyTest -->
        <test-method status="PASS" signature="runMyTest(java.lang.String, java.lang.String)[pri:0, instance:com.scuti.testingdemo.LoginTest@d8355a8]" name="runMyTest" duration-ms="1" started-at="2019-07-08T01:25:04Z" data-provider="getData" finished-at="2019-07-08T01:25:04Z">
          <params>
            <param index="0">
              <value>
                <![CDATA[username3]]>
              </value>
            </param>
            <param index="1">
              <value>
                <![CDATA[password2]]>
              </value>
            </param>
          </params>
          <reporter-output>
          </reporter-output>
        </test-method> <!-- runMyTest -->
        <test-method status="PASS" signature="runMyTest(java.lang.String, java.lang.String)[pri:0, instance:com.scuti.testingdemo.LoginTest@d8355a8]" name="runMyTest" duration-ms="1" started-at="2019-07-08T01:25:04Z" data-provider="getData" finished-at="2019-07-08T01:25:04Z">
          <params>
            <param index="0">
              <value>
                <![CDATA[username4]]>
              </value>
            </param>
            <param index="1">
              <value>
                <![CDATA[password2]]>
              </value>
            </param>
          </params>
          <reporter-output>
          </reporter-output>
        </test-method> <!-- runMyTest -->
        <test-method status="PASS" signature="runMyTest(java.lang.String, java.lang.String)[pri:0, instance:com.scuti.testingdemo.LoginTest@d8355a8]" name="runMyTest" duration-ms="1" started-at="2019-07-08T01:25:04Z" data-provider="getData" finished-at="2019-07-08T01:25:04Z">
          <params>
            <param index="0">
              <value>
                <![CDATA[username5]]>
              </value>
            </param>
            <param index="1">
              <value>
                <![CDATA[password2]]>
              </value>
            </param>
          </params>
          <reporter-output>
          </reporter-output>
        </test-method> <!-- runMyTest -->
        <test-method status="PASS" signature="runMyTest(java.lang.String, java.lang.String)[pri:0, instance:com.scuti.testingdemo.LoginTest@d8355a8]" name="runMyTest" duration-ms="1" started-at="2019-07-08T01:25:04Z" data-provider="getData" finished-at="2019-07-08T01:25:04Z">
          <params>
            <param index="0">
              <value>
                <![CDATA[username6]]>
              </value>
            </param>
            <param index="1">
              <value>
                <![CDATA[password2]]>
              </value>
            </param>
          </params>
          <reporter-output>
          </reporter-output>
        </test-method> <!-- runMyTest -->
        <test-method status="PASS" signature="runMyTest(java.lang.String, java.lang.String)[pri:0, instance:com.scuti.testingdemo.LoginTest@d8355a8]" name="runMyTest" duration-ms="2" started-at="2019-07-08T01:25:04Z" data-provider="getData" finished-at="2019-07-08T01:25:04Z">
          <params>
            <param index="0">
              <value>
                <![CDATA[username7]]>
              </value>
            </param>
            <param index="1">
              <value>
                <![CDATA[password2]]>
              </value>
            </param>
          </params>
          <reporter-output>
          </reporter-output>
        </test-method> <!-- runMyTest -->
        <test-method status="PASS" signature="runMyTest(java.lang.String, java.lang.String)[pri:0, instance:com.scuti.testingdemo.LoginTest@d8355a8]" name="runMyTest" duration-ms="1" started-at="2019-07-08T01:25:04Z" data-provider="getData" finished-at="2019-07-08T01:25:04Z">
          <params>
            <param index="0">
              <value>
                <![CDATA[username8]]>
              </value>
            </param>
            <param index="1">
              <value>
                <![CDATA[password2]]>
              </value>
            </param>
          </params>
          <reporter-output>
          </reporter-output>
        </test-method> <!-- runMyTest -->
        <test-method status="PASS" signature="runMyTest(java.lang.String, java.lang.String)[pri:0, instance:com.scuti.testingdemo.LoginTest@d8355a8]" name="runMyTest" duration-ms="1" started-at="2019-07-08T01:25:04Z" data-provider="getData" finished-at="2019-07-08T01:25:04Z">
          <params>
            <param index="0">
              <value>
                <![CDATA[username9]]>
              </value>
            </param>
            <param index="1">
              <value>
                <![CDATA[password2]]>
              </value>
            </param>
          </params>
          <reporter-output>
          </reporter-output>
        </test-method> <!-- runMyTest -->
      </class> <!-- com.scuti.testingdemo.LoginTest -->
    </test> <!-- Default test -->
  </suite> <!-- Default suite -->
</testng-results>
